RuleKit 1.4.0 (build 77ec9b1b2eb1be38f61b5fda04fc9b3425b4d82f 30.03.2022)
    RuleKit Development Team (c) 2019

================================================================================
toy.arff

Params:
mincov_new=0.1
mincov_all=0.1
maxcov_negative=0.5
max_uncovered_fraction=0.0
induction_measure=Correlation
pruning_measure=Negative controlled Correlation
voting_measure=Correlation
penalty_strength=0.0
penalty_saturation=1.0
select_best_candidate=true
max_passes_count=1
complementary_conditions=true

Contrast sets:
blue vs <others>(support=0.87, neg_support=0.26, delta_support=0.61, neg2pos_support=0.29, precision=0.84, neg_precision=0.16, delta_precision=0.68, )
cs-1: IF a1 = <1.67, inf) AND a3 = !{2} THEN class = {blue} (supp=202/250=0.81, neg_supp=21/170=0.12, d_supp=0.68, neg2pos_supp =0.15, prec=0.91, d_prec=0.81, redundancy=0.0, mincov_all=0.1, pass_number=1)
cs-2: IF a1 = <1.32, inf) AND a3 = !{2} THEN class = {blue} (supp=234/250=0.94, neg_supp=68/170=0.40, d_supp=0.54, neg2pos_supp =0.43, prec=0.77, d_prec=0.55, redundancy=0.86, mincov_all=0.1, pass_number=1)

red vs <others>(support=0.48, neg_support=0.012, delta_support=0.46, neg2pos_support=0.024, precision=0.97, neg_precision=0.033, delta_precision=0.93, )
cs-3: IF a3 = {2} THEN class = {red} (supp=77/170=0.45, neg_supp=0/250=0.0, d_supp=0.45, neg2pos_supp =0.0, prec=1, d_prec=1, redundancy=0.0, mincov_all=0.1, pass_number=1)
cs-4: IF a3 = {1} THEN class = {red} (supp=85/170=0.50, neg_supp=6/250=0.024, d_supp=0.48, neg2pos_supp =0.048, prec=0.93, d_prec=0.87, redundancy=0.0, mincov_all=0.1, pass_number=1)


Coverage of training examples by contrast sets (1-based):
2,4;2,3,4;2;2;2,4;2,4;2,4;2;3,4;2,4;2,4;2;2;4;2,4;2;2;2,3,4;2,4;2;2;2;2;3,4;2,4;2,3,4;2;2,4;2,3,4;2;2;2,4;2;2,4;2,4;2,3,4;2,4;2,4;2,4;2,4;2,3,4;2,4;2;2,4;2,4;2;2,4;2,3,4;2,3,4;2;2,4;2,4;2,3,4;2,4;2,3,4;2,4;2,4;2,4;2,4;2,4;2,4;2,4;2,4;2,4;2;2;2,4;2,4;2,4;2,4;2,4;4;2,4;2;2,3,4;2;2;2,4;2;3,4;2;2,4;2,3,4;2,4;2,3,4;2,3,4;2,4;2,3,4;2,4;2,4;1;1;1;1;1;1;1;1;1;1;1;1;1;1;1;1;1;1;1;3,4;1;1;1;1;1;3,4;1;1;1;1;1;1;1;1;1;1;1;1;1;1;1;1;1;1;1;3,4;1;1;1;1;1;1;1;1;1;1;1;1;1;1;1;1;1;1;1;1;1;1;1;1;1;1;1;1;1;1;1;1;1;1;3,4;4;4;3,4;2,4;4;3,4;3,4;3,4;3,4;3,4;3,4;2;3,4;-;4;2,4;3,4;3,4;-;4;4;4;3,4;3,4;4;3,4;3,4;4;3,4;3,4;4;4;4;-;3,4;3,4;4;3,4;4;3,4;3,4;3,4;3,4;2,3,4;3,4;4;-;4;3,4;4;3,4;-;3,4;2;3,4;4;3,4;4;3,4;3,4;3,4;-;3,4;3,4;4;4;4;-;-;2,3,4;3,4;3,4;-;4;3,4;3,4;4;3,4;-;-;3,4;3,4;3,4;3,4;4;4;4;-;-;3,4;3,4;3,4;4;3,4;3,4;3,4;4;4;-;3,4;3,4;3,4;3,4;3,4;3,4;3,4;3,4;3,4;3,4;3,4;3,4;3,4;3,4;3,4;3,4;3,4;3,4;3,4;3,4;3,4;3,4;3,4;3,4;3,4;3,4;3,4;3,4;3,4;3,4;3,4;3,4;3,4;3,4;3,4;3,4;3,4;3,4;3,4;3,4;3,4;3,4;3,4;3,4;3,4;3,4;3,4;3,4;3,4;3,4;3,4;3,4;3,4;3,4;3,4;3,4;3,4;3,4;3,4;3,4;3,4;3,4;3,4;3,4;3,4;3,4;3,4;3,4;3,4;3,4;3,4;3,4;3,4;3,4;3,4;3,4;3,4;3,4;3,4;3,4;3,4;3,4;3,4;3,4;3,4;3,4;3,4;3,4;3,4;3,4;3,4;3,4;3,4;3,4;3,4;3,4;3,4;3,4;3,4;3,4;3,4;3,4;3,4;3,4;3,4;3,4;3,4;3,4;3,4;3,4;3,4;3,4;3,4;3,4;3,4;3,4;3,4;3,4;3,4;3,4;3,4;3,4;3,4;3,4;3,4;3,4;3,4;3,4;3,4;3,4;3,4;3,4;3,4;3,4;3,4;3,4;3,4;3,4;3,4;3,4;3,4;3,4;3,4;3,4;3,4;3,4;3,4;3,4;3,4;3,4;
Model characteristics:
time_total_s: 0.0
time_growing_s: 0.0
time_pruning_s: 0.0
#rules: 4.0
#conditions_per_rule: 1.5
#induced_conditions_per_rule: 1.5
support: 0.674235294117647
neg_support: 0.13688235294117648
delta_support: 0.5373529411764706
neg2pos_support: 0.15705834067569652
precision: 0.9036824918911457
neg_precision: 0.09631750810885428
delta_precision: 0.8073649837822914
attribute_occurence: 1.0
redundancy: 0.21581196581196582
total_duplicates: 0.0


