================================================================================
deals-train.arff

Params:
min_rule_covered=8.0
induction_measure=BinaryEntropy
pruning_measure=UserDefined
voting_measure=C2

Rules:
r1: IF Gender = {male} AND Age = (-inf, 34.5) THEN Future Customer = {yes} (p=176.0, n=0.0, P=473.0, N=527.0, weight=0.686046511627907, pval=3.8340246452658506E-67)
r2: IF Payment Method = {credit card} AND Age = (-inf, 30.5) THEN Future Customer = {yes} (p=183.0, n=0.0, P=473.0, N=527.0, weight=0.693446088794926, pval=2.8948281581741536E-70)
r3: IF Gender = {male} AND Age = (-inf, 35.5) THEN Future Customer = {yes} (p=185.0, n=0.0, P=473.0, N=527.0, weight=0.6955602536997886, pval=3.6392041054158E-71)
r4: IF Gender = {male} AND Payment Method = {credit card} AND Age = (-inf, 36.5) THEN Future Customer = {yes} (p=131.0, n=0.0, P=473.0, N=527.0, weight=0.638477801268499, pval=4.173309413498897E-48)
r5: IF Gender = {male} AND Payment Method = {credit card} AND Age = (-inf, 72.5) THEN Future Customer = {yes} (p=315.0, n=0.0, P=473.0, N=527.0, weight=0.8329809725158562, pval=2.6628868560776307E-140)
r6: IF Gender = {female} AND Age = <34.5, inf) THEN Future Customer = {no} (p=304.0, n=0.0, P=527.0, N=473.0, weight=0.7884250474383302, pval=1.9329481808752287E-111)
r7: IF Payment Method = {cash} AND Age = <35.5, inf) THEN Future Customer = {no} (p=203.0, n=0.0, P=527.0, N=473.0, weight=0.6925996204933587, pval=3.1348821345299935E-67)
r8: IF Age = <72.5, inf) THEN Future Customer = {no} (p=106.0, n=0.0, P=527.0, N=473.0, weight=0.6005692599620494, pval=1.2347916759323596E-32)
r9: IF Payment Method = {cheque} AND Age = <54.5, inf) THEN Future Customer = {no} (p=22.0, n=0.0, P=527.0, N=473.0, weight=0.5208728652751423, pval=6.135855419443021E-7)
r10: IF Payment Method = {cheque} AND Age = <41.5, inf) THEN Future Customer = {no} (p=41.0, n=0.0, P=527.0, N=473.0, weight=0.538899430740038, pval=1.826012989319154E-12)
r11: IF Gender = {female} AND Age = <32.5, inf) THEN Future Customer = {no} (p=320.0, n=0.0, P=527.0, N=473.0, weight=0.8036053130929791, pval=1.6348533721879346E-119)
r12: IF Age = <30.5, inf) THEN Future Customer = {no} (p=498.0, n=242.0, P=527.0, N=473.0, weight=0.3001197437674205, pval=1.7146957033551444E-59)
r13: IF Gender = {female} AND Age = <26.5, inf) THEN Future Customer = {no} (p=336.0, n=33.0, P=527.0, N=473.0, weight=0.6639764316975946, pval=8.18351061623203E-86)
r14: IF Gender = {female} AND Age = <22.5, inf) THEN Future Customer = {no} (p=344.0, n=46.0, P=527.0, N=473.0, weight=0.6203081519042863, pval=7.105053318372451E-79)
r15: IF Gender = {female} AND Age = <17.5, inf) THEN Future Customer = {no} (p=352.0, n=82.0, P=527.0, N=473.0, weight=0.5008377608830853, pval=7.465746693071048E-59)

Coverage of training examples by rules (1-based):
5*,12;3*,12;2*,14,15;6,11*,12,13,14,15;5*,12;13*,14,15;2*,15;5*,12;6,11*,12,13,14,15;4,5*,12;1,2,3,4,5*;6,7,11*,12,13,14,15;1,3*;5*,12;1,3*;6,11*,12,13,14,15;14*,15;5*,12;5*,12;6,7,11*,12,13,14,15;6,7,8,11*,12,13,14,15;6,11*,12,13,14,15;2*;7*,12;6,11*,12,13,14,15;11*,12,13,14,15;5*,12;6,11*,12,13,14,15;6,11*,12,13,14,15;6,11*,12,13,14,15;7*,12;6,7,8,11*,12,13,14,15;1,3*,12;5*,12;6,11*,12,13,14,15;7*,12;15*;6,7,11*,12,13,14,15;2*,14,15;5*,12;6,7,11*,12,13,14,15;2*,15;1,2,3,4,5*;6,11*,12,13,14,15;6,11*,12,13,14,15;7*,8,12;6,11*,12,13,14,15;7*,12;5*,12;5*,12;6,11*,12,13,14,15;5*,12;1,2,3,4,5*;7*,12;7*,12;1,2,3,4,5*;8*,12;5*,12;6,10,11*,12,13,14,15;6,10,11*,12,13,14,15;5*,12;1,2,3,4,5*;5*,12;7*,12;6,7,11*,12,13,14,15;11*,12,13,14,15;8*,12;3,4,5*,12;6,11*,12,13,14,15;6,7,11*,12,13,14,15;1,2,3,4,5*;5*,12;12*;5*,12;1,2,3,4,5*;5*,12;6,11*,12,13,14,15;6,8,11*,12,13,14,15;2*,13,14,15;1,3,4,5*,12;6,11*,12,13,14,15;5*,12;6,11*,12,13,14,15;5*,12;1,3,4,5*,12;6,11*,12,13,14,15;6,7,11*,12,13,14,15;1,3*;2*,13,14,15;6,11*,12,13,14,15;5*,12;5*,12;6,11*,12,13,14,15;6,7,11*,12,13,14,15;2*,14,15;4,5*,12;6,7,8,11*,12,13,14,15;7*,12;5*,12;11*,12,13,14,15;6,11*,12,13,14,15;9,10*,12;8*,12;6,7,11*,12,13,14,15;6,7,11*,12,13,14,15;6,7,11*,12,13,14,15;6,11*,12,13,14,15;5*,12;6,10,11*,12,13,14,15;1,3*;1,3*;6,7,11*,12,13,14,15;5*,12;6,7,11*,12,13,14,15;5*,12;1,2,3,4,5*;6,7,11*,12,13,14,15;5*,12;6,11*,12,13,14,15;2*,15;7*,12;2*,13,14,15;5*,12;4,5*,12;6,8,9,10,11*,12,13,14,15;6,11*,12,13,14,15;7*,12;7*,12;1,2,3,4,5*;12,13*,14,15;6,10,11*,12,13,14,15;5*,12;7*,12;6,11*,12,13,14,15;6,7,11*,12,13,14,15;8*,12;5*,12;6,11*,12,13,14,15;8*,12;1,2,3,4,5*;6,7,11*,12,13,14,15;2*;6,8,9,10,11*,12,13,14,15;3,4,5*,12;6,7,8,11*,12,13,14,15;6,11*,12,13,14,15;6,11*,12,13,14,15;6,11*,12,13,14,15;5*,12;6,11*,12,13,14,15;6,10,11*,12,13,14,15;6,11*,12,13,14,15;14*,15;6,11*,12,13,14,15;1,3*;1,2,3,4,5*;12,13*,14,15;5*,12;1,2,3,4,5*;5*,12;6,11*,12,13,14,15;7*,12;1,2,3,4,5*;5*,12;2*,13,14,15;6,7,8,11*,12,13,14,15;1,2,3,4,5*;7*,12;5*,12;6,11*,12,13,14,15;2*,13,14,15;2*,13,14,15;5*,12;5*,12;6,7,8,11*,12,13,14,15;6,7,11*,12,13,14,15;1,3,4,5*,12;6,7,11*,12,13,14,15;1,2,3,4,5*;6,7,8,11*,12,13,14,15;11*,12,13,14,15;-;6,11*,12,13,14,15;10*,12;1,3,4,5*,12;6,7,11*,12,13,14,15;6,7,8,11*,12,13,14,15;5*,12;7*,12;6,7,8,11*,12,13,14,15;6,11*,12,13,14,15;7*,12;2*;1,2,3,4,5*;6,10,11*,12,13,14,15;2*,13,14,15;12*;6,7,11*,12,13,14,15;14*,15;5*,12;2*,13,14,15;6,11*,12,13,14,15;8*,12;5*,12;1,2,3,4,5*;7*,12;6,7,11*,12,13,14,15;7*,12;5*,12;6,11*,12,13,14,15;5*,12;1,3*;2*,13,14,15;6,11*,12,13,14,15;1,3*;1,2,3,4,5*;11*,12,13,14,15;6,11*,12,13,14,15;1,3*;1,2,3,4,5*;1,3*,12;11*,12,13,14,15;1,2,3,4,5*;6,8,11*,12,13,14,15;8*,12;5*,12;6,9,10,11*,12,13,14,15;2*,13,14,15;6,11*,12,13,14,15;1,3,4,5*,12;6,7,11*,12,13,14,15;3,4,5*,12;5*,12;5*,12;6,11*,12,13,14,15;10*,12;7*,8,12;11*,12,13,14,15;6,11*,12,13,14,15;9,10*,12;6,11*,12,13,14,15;8*,12;1,3,4,5*,12;9,10*,12;8*,12;6,8,11*,12,13,14,15;6,7,11*,12,13,14,15;7*,12;9,10*,12;6,11*,12,13,14,15;6,11*,12,13,14,15;5*,12;2*,15;2*,13,14,15;13*,14,15;6,8,11*,12,13,14,15;7*,8,12;1,3*;1,2,3,4,5*;5*,12;3,4,5*,12;2*,15;8*,12;5*,12;1,3*;2*,14,15;1,3*;6,10,11*,12,13,14,15;2*,15;6,8,11*,12,13,14,15;6,11*,12,13,14,15;5*,12;5*,12;11*,12,13,14,15;5*,12;6,7,11*,12,13,14,15;5*,12;6,7,11*,12,13,14,15;5*,12;-;5*,12;1,2,3,4,5*;1,2,3,4,5*;6,7,8,11*,12,13,14,15;6,10,11*,12,13,14,15;5*,12;6,7,11*,12,13,14,15;5*,12;6,11*,12,13,14,15;6,7,8,11*,12,13,14,15;6,11*,12,13,14,15;1,3*,12;8*,12;1,2,3,4,5*;5*,12;1,3,4,5*,12;5*,12;5*,12;6,11*,12,13,14,15;6,7,11*,12,13,14,15;6,11*,12,13,14,15;6,11*,12,13,14,15;11*,12,13,14,15;6,8,11*,12,13,14,15;7*,12;1,2,3,4,5*;5*,12;7*,12;5*,12;5*,12;6,8,11*,12,13,14,15;2*,15;5*,12;7*,12;6,9,10,11*,12,13,14,15;6,11*,12,13,14,15;1,3*;2*,15;2*,15;6,7,11*,12,13,14,15;5*,12;7*,12;15*;6,11*,12,13,14,15;1,3*;2*;6,8,11*,12,13,14,15;6,11*,12,13,14,15;8*,12;7*,12;6,11*,12,13,14,15;2*,13,14,15;5*,12;7*,12;5*,12;1,3,4,5*,12;7*,12;2*,15;6,11*,12,13,14,15;5*,12;5*,12;2*,13,14,15;6,11*,12,13,14,15;6,7,8,11*,12,13,14,15;5*,12;1,3,4,5*,12;1,2,3,4,5*;5*,12;1,3,4,5*,12;1,2,3,4,5*;6,11*,12,13,14,15;6,8,11*,12,13,14,15;5*,12;5*,12;5*,12;6,7,11*,12,13,14,15;2*,15;1,2,3,4,5*;7*,12;5*,12;6,8,11*,12,13,14,15;2*,14,15;1,3*;7*,12;5*,12;5*,12;8*,9,10,12;5*,12;1,3*;1,2,3,4,5*;10*,12;6,11*,12,13,14,15;1,2,3,4,5*;2*,15;5*,12;7*,12;8*,12;6,7,11*,12,13,14,15;6,11*,12,13,14,15;7*,8,12;1,3*;6,11*,12,13,14,15;1,2,3,4,5*;1,2,3,4,5*;6,11*,12,13,14,15;8*,12;15*;6,7,11*,12,13,14,15;5*,12;6,11*,12,13,14,15;7*,12;1,3*;11*,12,13,14,15;1,2,3,4,5*;7*,12;5*,12;5*,12;2*,15;6,11*,12,13,14,15;5*,12;11*,12,13,14,15;7*,12;5*,12;8*,12;6,11*,12,13,14,15;6,11*,12,13,14,15;7*,12;1,3*;5*,12;1,2,3,4,5*;1,3*;2*;5*,12;6,8,11*,12,13,14,15;6,11*,12,13,14,15;7*,12;7*,8,12;7*,12;8*,12;6,8,11*,12,13,14,15;7*,12;7*,12;6,11*,12,13,14,15;2*,13,14,15;8*,12;5*,12;5*,12;2*,13,14,15;2*,15;4,5*,12;7*,12;1,3,4,5*,12;8*,12;5*,12;1,2,3,4,5*;6,7,11*,12,13,14,15;2*,15;5*,12;8*,12;6,7,11*,12,13,14,15;1,3,4,5*,12;6,11*,12,13,14,15;5*,12;6,11*,12,13,14,15;1,2,3,4,5*;7*,12;11*,12,13,14,15;6,11*,12,13,14,15;1,2,3,4,5*;5*,12;5*,12;5*,12;5*,12;7*,12;10*,12;6,11*,12,13,14,15;6,11*,12,13,14,15;7*,12;6,11*,12,13,14,15;6,11*,12,13,14,15;7*,12;6,11*,12,13,14,15;6,11*,12,13,14,15;5*,12;6,11*,12,13,14,15;5*,12;2*,15;2*,15;2*,15;4,5*,12;1,3*;2*,15;7*,12;2*,15;6,11*,12,13,14,15;5*,12;5*,12;7*,12;3,4,5*,12;2*,13,14,15;1,3,4,5*,12;7*,12;5*,12;5*,12;8*,12;1,3*;13*,14,15;6,11*,12,13,14,15;2*,15;6,9,10,11*,12,13,14,15;1,2,3,4,5*;6,11*,12,13,14,15;1,2,3,4,5*;6,11*,12,13,14,15;1,2,3,4,5*;6,7,11*,12,13,14,15;7*,8,12;5*,12;6,7,11*,12,13,14,15;6,9,10,11*,12,13,14,15;2*,13,14,15;14*,15;6,11*,12,13,14,15;6,11*,12,13,14,15;8*,12;1,3*,12;6,7,11*,12,13,14,15;6,11*,12,13,14,15;2*,14,15;6,11*,12,13,14,15;5*,12;2*;6,7,11*,12,13,14,15;7*,12;5*,12;1,2,3,4,5*;2*,15;5*,12;5*,12;1,3,4,5*,12;1,3*;8*,12;13*,14,15;5*,12;6,11*,12,13,14,15;6,8,11*,12,13,14,15;5*,12;6,7,11*,12,13,14,15;1,2,3,4,5*;6,8,11*,12,13,14,15;6,11*,12,13,14,15;2*,15;7*,12;9,10*,12;7*,12;6,11*,12,13,14,15;7*,12;1,3,4,5*,12;5*,12;2*;1,2,3,4,5*;1,2,3,4,5*;6,8,11*,12,13,14,15;6,10,11*,12,13,14,15;6,11*,12,13,14,15;1,3*;1,2,3,4,5*;1,3*;11*,12,13,14,15;1,2,3,4,5*;6,7,11*,12,13,14,15;7*,12;2*,13,14,15;1,3,4,5*,12;7*,12;6,11*,12,13,14,15;6,7,11*,12,13,14,15;12,13*,14,15;13*,14,15;15*;6,11*,12,13,14,15;1,2,3,4,5*;5*,12;1,2,3,4,5*;6,7,11*,12,13,14,15;6,11*,12,13,14,15;5*,12;7*,12;6,7,11*,12,13,14,15;6,11*,12,13,14,15;1,3,4,5*,12;6,11*,12,13,14,15;2*,13,14,15;12,13*,14,15;1,3*;1,2,3,4,5*;6,7,11*,12,13,14,15;6,11*,12,13,14,15;6,7,11*,12,13,14,15;1,2,3,4,5*;5*,12;3,4,5*,12;5*,12;6,7,11*,12,13,14,15;7*,12;7*,12;8*,12;6,7,11*,12,13,14,15;7*,12;6,11*,12,13,14,15;6,7,8,11*,12,13,14,15;7*,12;2*;15*;2*,15;2*,15;1,3*;1,2,3,4,5*;6,11*,12,13,14,15;1,2,3,4,5*;1,3*,12;6,7,11*,12,13,14,15;1,3*;6,8,11*,12,13,14,15;5*,12;7*,12;13*,14,15;5*,12;6,7,11*,12,13,14,15;1,2,3,4,5*;5*,12;6,11*,12,13,14,15;5*,12;6,8,11*,12,13,14,15;5*,12;1,3*;6,11*,12,13,14,15;12,13*,14,15;6,7,11*,12,13,14,15;5*,12;1,3*;5*,12;5*,12;8*,12;9,10*,12;2*,13,14,15;-;7*,12;5*,12;6,8,11*,12,13,14,15;6,8,11*,12,13,14,15;7*,12;6,11*,12,13,14,15;1,2,3,4,5*;7*,12;1,2,3,4,5*;14*,15;5*,12;6,7,8,11*,12,13,14,15;1,3,4,5*,12;2*,15;13*,14,15;8*,12;12,13*,14,15;7*,12;2*,14,15;2*;1,3*;6,11*,12,13,14,15;2*,13,14,15;6,11*,12,13,14,15;5*,12;7*,12;6,9,10,11*,12,13,14,15;6,11*,12,13,14,15;1,3*;6,11*,12,13,14,15;1,3*;8*,12;6,7,8,11*,12,13,14,15;6,7,11*,12,13,14,15;1,3,4,5*,12;5*,12;2*;7*,12;6,11*,12,13,14,15;5*,12;4,5*,12;2*,15;5*,12;5*,12;6,11*,12,13,14,15;1,3*;5*,12;1,3*,12;6,11*,12,13,14,15;15*;4,5*,12;5*,12;8*,12;2*,13,14,15;7*,12;5*,12;6,11*,12,13,14,15;8*,12;6,10,11*,12,13,14,15;2*,15;6,11*,12,13,14,15;6,11*,12,13,14,15;1,3*;5*,12;5*,12;2*,15;2*,15;6,11*,12,13,14,15;1,3*;1,3,4,5*,12;5*,12;4,5*,12;6,11*,12,13,14,15;1,2,3,4,5*;5*,12;1,3,4,5*,12;2*,15;15*;8*,12;6,7,11*,12,13,14,15;6,8,11*,12,13,14,15;5*,12;1,2,3,4,5*;1,3,4,5*,12;6,11*,12,13,14,15;11*,12,13,14,15;7*,12;7*,12;8*,12;6,11*,12,13,14,15;5*,12;7*,12;15*;7*,12;7*,12;6,11*,12,13,14,15;6,8,11*,12,13,14,15;8*,12;5*,12;5*,12;1,3*;6,7,11*,12,13,14,15;7*,12;5*,12;6,7,11*,12,13,14,15;6,7,11*,12,13,14,15;1,3*;7*,12;6,11*,12,13,14,15;6,11*,12,13,14,15;6,8,11*,12,13,14,15;6,7,11*,12,13,14,15;8*,12;1,2,3,4,5*;1,3*;6,11*,12,13,14,15;6,11*,12,13,14,15;8*,12;5*,12;10*,12;14*,15;2*;1,2,3,4,5*;1,2,3,4,5*;5*,12;7*,12;1,2,3,4,5*;6,8,11*,12,13,14,15;6,11*,12,13,14,15;1,3*;1,2,3,4,5*;5*,12;6,11*,12,13,14,15;6,11*,12,13,14,15;6,7,8,11*,12,13,14,15;6,7,11*,12,13,14,15;1,3*,12;7*,8,12;2*,15;7*,12;1,3*;2*,15;7*,12;2*;2*,13,14,15;6,11*,12,13,14,15;7*,12;1,3*,12;5*,12;5*,12;1,2,3,4,5*;2*,13,14,15;2*,13,14,15;6,7,11*,12,13,14,15;6,7,11*,12,13,14,15;1,2,3,4,5*;6,11*,12,13,14,15;5*,12;1,2,3,4,5*;7*,12;5*,12;5*,12;6,11*,12,13,14,15;6,7,11*,12,13,14,15;7*,12;4,5*,12;7*,12;2*,13,14,15;6,11*,12,13,14,15;6,11*,12,13,14,15;1,2,3,4,5*;7*,12;10*,12;6,11*,12,13,14,15;6,11*,12,13,14,15;5*,12;7*,12;1,3*,12;8*,12;5*,12;5*,12;6,11*,12,13,14,15;7*,12;8*,12;6,11*,12,13,14,15;1,2,3,4,5*;7*,12;1,2,3,4,5*;5*,12;6,8,11*,12,13,14,15;1,3,4,5*,12;6,7,11*,12,13,14,15;6,11*,12,13,14,15;8*,12;7*,12;7*,12;9,10*,12;13*,14,15;5*,12;6,11*,12,13,14,15;13*,14,15;6,11*,12,13,14,15;6,10,11*,12,13,14,15;2*,14,15;2*,13,14,15;2*,13,14,15;1,2,3,4,5*;5*,12;8*,12;6,11*,12,13,14,15;1,2,3,4,5*;6,11*,12,13,14,15;6,7,8,11*,12,13,14,15;6,8,11*,12,13,14,15;6,11*,12,13,14,15;6,7,11*,12,13,14,15;1,2,3,4,5*;6,11*,12,13,14,15;7*,12;1,3*,12;3*,12;1,3*,12;11*,12,13,14,15;1,2,3,4,5*;6,8,9,10,11*,12,13,14,15;5*,12;6,7,11*,12,13,14,15;2*,14,15;7*,12;5*,12;2*,14,15;6,7,11*,12,13,14,15;6,11*,12,13,14,15;9,10*,12;6,11*,12,13,14,15;5*,12;6,7,11*,12,13,14,15;1,3*,12;2*,15;8*,12;10*,12;6,7,8,11*,12,13,14,15;1,2,3,4,5*;7*,12;1,2,3,4,5*;5*,12;6,11*,12,13,14,15;1,3,4,5*,12;6,7,8,11*,12,13,14,15;1,2,3,4,5*;5*,12;6,11*,12,13,14,15;1,2,3,4,5*;2*,14,15;7*,12;6,11*,12,13,14,15;12*;5*,12;5*,12;1,2,3,4,5*;6,7,11*,12,13,14,15;5*,12;1,3*;6,11*,12,13,14,15;5*,12;5*,12;6,7,11*,12,13,14,15;6,11*,12,13,14,15;7*,8,12;5*,12;5*,12;5*,12;7*,12;7*,12;8*,9,10,12;1,3*;6,11*,12,13,14,15;1,3,4,5*,12;11*,12,13,14,15;1,3,4,5*,12;14*,15;5*,12;5*,12;6,11*,12,13,14,15;6,7,11*,12,13,14,15;1,3,4,5*,12;2*,15;6,7,11*,12,13,14,15;6,8,11*,12,13,14,15;6,11*,12,13,14,15;1,2,3,4,5*;5*,12;6,7,11*,12,13,14,15;13*,14,15;8*,12;1,2,3,4,5*;7*,12;6,11*,12,13,14,15;5*,12;6,11*,12,13,14,15;14*,15;6,7,11*,12,13,14,15;6,11*,12,13,14,15;1,3*;2*,13,14,15;9,10*,12;6,8,11*,12,13,14,15;6,9,10,11*,12,13,14,15;6,7,11*,12,13,14,15;5*,12;5*,12;5*,12;5*,12;1,2,3,4,5*;10*,12;2*,13,14,15;5*,12;1,2,3,4,5*;7*,12;2*;6,11*,12,13,14,15;6,7,11*,12,13,14,15;7*,12;7*,12;5*,12;7*,12;2*,14,15;5*,12;1,3*;5*,12;6,7,11*,12,13,14,15;3*,12;1,2,3,4,5*;7*,8,12;6,11*,12,13,14,15;6,11*,12,13,14,15;6,11*,12,13,14,15;5*,12;6,11*,12,13,14,15;6,7,8,11*,12,13,14,15;1,3,4,5*,12;5*,12;6,11*,12,13,14,15;6,11*,12,13,14,15;1,3*;6,7,11*,12,13,14,15;5*,12;7*,8,12;1,3*;2*,15;5*,12;1,3*;7*,8,12;6,11*,12,13,14,15;8*,9,10,12;5*,12;1,2,3,4,5*;2*,13,14,15;6,11*,12,13,14,15;7*,12;1,2,3,4,5*;1,2,3,4,5*;6,8,9,10,11*,12,13,14,15;7*,12;2*,13,14,15;7*,8,12;5*,12;1,2,3,4,5*;2*,13,14,15;8*,12;1,2,3,4,5*;1,2,3,4,5*;2*,14,15

Model characteristics:
time_total_s: 0.606321329
time_growing_s: 0.42976964000000006
time_pruning_s: 0.252861718
#rules: 15.0
#conditions_per_rule: 2.0
#induced_conditions_per_rule: 22.533333333333335
avg_rule_coverage: 0.26126666666666665
avg_rule_precision: 0.9517768845699609
avg_rule_quality: 0.6384483502107507
avg_pvalue: 4.0905824530486093E-8
avg_FDR_pvalue: 4.090583322578604E-8
avg_FWER_pvalue: 4.090594626468538E-8
fraction_0.05_significant: 1.0
fraction_0.05_FDR_significant: 1.0
fraction_0.05_FWER_significant: 1.0

Training set performance:
accuracy: 0.954
classification_error: 0.04600000000000004
kappa: 0.9072689080712335
balanced_accuracy: 0.9513742071881607
#rules_per_example: 3.919
#voting_conflicts: 324.0
#negative_voting_conflicts: 46.0
cross-entropy: Infinity
margin: 0.0
soft_margin_loss: 1.0
logistic_loss: 0.6931471805599322
precision: 0.9197207678883071
sensitivity: 1.0
specificity: 0.9027484143763214
negative_predictive_value: 1.0
fallout: 0.09725158562367865
youden: 0.9027484143763214
geometric_mean: 0.9501307354129332
psep: 0.9197207678883071
lift: 1.7452006980802794
f_measure: 0.9581818181818181
false_positive: 46.0
false_negative: 0.0
true_positive: 527.0
true_negative: 427.0


